<?xml version="1.0" encoding="UTF-8"?>
<!-- Generated by org.testng.reporters.JUnitReportReporter -->
<testsuite skipped="0" hostname="HYD-LAP-00575" name="GetRequest" tests="1" failures="0" timestamp="26 Mar 2020 12:04:02 GMT" time="2.810" errors="0">
  <testcase name="getEmployeeDetails" time="2.810" classname="GetRequest"/>
</testsuite> <!-- GetRequest -->
