<?xml version="1.0" encoding="UTF-8"?>
<!-- Generated by org.testng.reporters.JUnitReportReporter -->
<testsuite skipped="0" hostname="HYD-LAP-00575" name="PostRequest" tests="1" failures="0" timestamp="26 Mar 2020 13:36:07 GMT" time="3.825" errors="0">
  <testcase name="CreateUser" time="3.825" classname="PostRequest"/>
</testsuite> <!-- PostRequest -->
