<?xml version="1.0" encoding="UTF-8"?>
<!-- Generated by org.testng.reporters.JUnitReportReporter -->
<testsuite skipped="0" hostname="HYD-LAP-00575" name="CreateRequest" tests="1" failures="0" timestamp="26 Mar 2020 11:19:31 GMT" time="2.554" errors="0">
  <testcase name="getUserDetails" time="2.554" classname="CreateRequest"/>
</testsuite> <!-- CreateRequest -->
