<?xml version="1.0" encoding="UTF-8"?>
<!-- Generated by org.testng.reporters.JUnitReportReporter -->
<testsuite skipped="0" hostname="HYD-LAP-00575" name="PutREquest" tests="1" failures="0" timestamp="27 Mar 2020 07:58:44 GMT" time="4.384" errors="0">
  <testcase name="updateEmployeeDetails" time="4.384" classname="PutREquest"/>
</testsuite> <!-- PutREquest -->
